2025-04-13 22:49:30.972 INFO  TC_01 Başladı
2025-04-13 23:01:13.226 INFO  TC_01 Başladı
2025-04-16 13:13:15.527 INFO  registerAPatient testi basladi
2025-04-16 13:13:21.061 INFO  registerAPatient testi bitti
2025-04-16 13:15:26.337 INFO  registerAPatient testi basladi
2025-04-16 13:15:31.938 INFO  registerAPatient testi bitti
2025-04-16 13:25:38.598 INFO  TC_01 Başladı
2025-04-16 13:25:43.508 INFO  TC_01 Tamamlandı
2025-04-16 13:25:47.881 INFO  TC_01 Başladı
2025-04-16 13:25:52.901 INFO  TC_01 Tamamlandı
2025-04-16 13:41:40.210 INFO  registerAPatient testi basladi
2025-04-16 13:41:45.423 INFO  registerAPatient testi bitti
2025-04-16 13:41:49.971 INFO  registerAPatient testi basladi
2025-04-16 13:41:55.833 INFO  registerAPatient testi bitti
2025-04-16 14:22:06.063 INFO  registerAPatient testi basladi
2025-04-16 14:22:31.498 INFO  registerAPatient testi basladi
2025-04-16 14:23:16.192 INFO  registerAPatient testi basladi
2025-04-16 14:26:16.072 INFO  registerAPatient testi basladi
2025-04-16 14:27:30.411 INFO  registerAPatient testi basladi
2025-04-16 14:27:35.569 INFO  registerAPatient testi bitti
2025-04-16 15:07:10.203 INFO  registerAPatient testi basladi
2025-04-16 15:10:13.561 INFO  registerAPatient testi basladi
2025-04-16 15:11:43.006 INFO  registerAPatient testi basladi
2025-04-16 15:11:48.778 INFO  registerAPatient testi bitti
2025-04-16 15:13:45.580 INFO  registerAPatient testi basladi
2025-04-16 15:14:00.942 INFO  registerAPatient testi bitti
2025-04-16 15:16:53.814 INFO  registerAPatient testi basladi
2025-04-16 15:22:29.058 INFO  registerAPatient testi basladi
2025-04-16 15:23:15.916 INFO  registerAPatient testi basladi
2025-04-16 15:24:18.004 INFO  registerAPatient testi basladi
2025-04-16 15:26:34.685 INFO  registerAPatient testi basladi
2025-04-16 15:27:13.307 INFO  registerAPatient testi basladi
2025-04-16 15:29:48.873 INFO  registerAPatient testi basladi
2025-04-16 15:33:33.709 INFO  registerAPatient testi basladi
2025-04-16 15:35:06.102 INFO  registerAPatient testi basladi
2025-04-16 15:35:14.823 INFO  registerAPatient testi bitti
2025-04-16 15:37:23.779 INFO  registerAPatient testi basladi
2025-04-16 15:37:32.412 INFO  registerAPatient testi bitti
2025-04-16 15:40:32.849 INFO  registerAPatient testi basladi
2025-04-16 15:40:42.116 INFO  registerAPatient testi bitti
2025-04-16 15:42:30.415 INFO  registerAPatient testi basladi
2025-04-16 15:42:39.320 INFO  registerAPatient testi bitti
2025-04-16 21:46:18.399 INFO  registerAPatient testi basladi
2025-04-16 21:46:30.611 INFO  registerAPatient testi bitti
2025-04-16 23:15:08.732 INFO  TimeZone testi basladi
2025-04-16 23:15:15.854 INFO  TimeZone testi bitti
2025-04-16 23:16:03.796 INFO  TimeZone testi basladi
2025-04-16 23:16:10.701 INFO  TimeZone testi bitti
2025-04-16 23:21:25.008 INFO  TimeZone testi basladi
2025-04-16 23:21:31.433 INFO  TimeZone testi bitti
2025-04-16 23:23:42.908 INFO  TimeZone testi basladi
2025-04-16 23:23:50.422 INFO  TimeZone testi bitti
2025-04-16 23:23:54.875 INFO  TimeZone testi basladi
2025-04-16 23:24:01.568 INFO  TimeZone testi bitti
2025-04-16 23:24:43.855 INFO  TC_01 Başladı
2025-04-16 23:24:53.608 INFO  TC_01 Başladı
2025-04-16 23:25:36.475 INFO  TimeZone testi basladi
2025-04-16 23:25:43.123 INFO  TimeZone testi bitti
2025-04-16 23:25:47.695 INFO  TimeZone testi basladi
2025-04-16 23:25:54.839 INFO  TimeZone testi bitti
2025-04-16 23:30:46.520 INFO  TimeZone testi basladi
2025-04-16 23:32:35.335 INFO  TimeZone testi basladi
2025-04-16 23:32:41.807 INFO  TimeZone testi bitti
2025-04-17 11:44:04.066 INFO  TimeZone testi basladi
2025-04-17 11:44:12.030 INFO  TimeZone testi bitti
2025-04-17 11:47:10.356 INFO  registerAPatient testi basladi
2025-04-17 11:47:20.431 INFO  registerAPatient testi bitti
2025-04-17 11:50:33.312 INFO  registerAPatient testi basladi
2025-04-17 11:52:10.430 INFO  registerAPatient testi basladi
2025-04-17 11:52:21.391 INFO  registerAPatient testi bitti
2025-04-17 11:57:04.170 INFO  registerAPatient testi basladi
2025-04-17 11:57:14.111 INFO  registerAPatient testi bitti
2025-04-17 12:00:19.960 INFO  registerAPatient testi basladi
2025-04-17 12:01:51.870 INFO  registerAPatient testi basladi
2025-04-17 12:05:40.060 INFO  registerAPatient testi basladi
2025-04-17 12:05:52.523 INFO  registerAPatient testi bitti
2025-04-17 12:09:15.065 INFO  TimeZone testi basladi
2025-04-17 12:09:23.145 INFO  TimeZone testi bitti
2025-04-17 12:14:13.767 INFO  TimeZone testi basladi
2025-04-17 10:15:11.266 INFO  TimeZone testi basladi
2025-04-17 10:15:18.807 INFO  TimeZone testi bitti
2025-04-17 10:17:08.807 INFO  TimeZone testi basladi
2025-04-17 10:17:16.639 INFO  TimeZone testi bitti
2025-04-17 10:19:27.232 INFO  TimeZone testi basladi
2025-04-17 10:19:34.915 INFO  TimeZone testi bitti
2025-04-17 12:20:11.135 INFO  TimeZone testi basladi
2025-04-17 13:09:57.695 INFO  TimeZone testi basladi
2025-04-17 11:11:14.895 INFO  TimeZone testi basladi
2025-04-17 11:11:22.919 INFO  TimeZone testi bitti
2025-04-17 13:13:03.403 INFO  TimeZone testi basladi
2025-04-17 13:13:10.131 INFO  TimeZone testi bitti
2025-04-17 13:14:25.224 INFO  registerAPatient testi basladi
2025-04-17 13:14:33.967 INFO  registerAPatient testi bitti
2025-04-17 21:25:31.869 INFO  TimeZone testi basladi
2025-04-17 21:26:25.074 INFO  registerAPatient testi basladi
2025-04-17 21:26:36.839 INFO  registerAPatient testi bitti
2025-04-17 21:26:55.676 INFO  TimeZone testi basladi
2025-04-17 21:27:03.822 INFO  TimeZone testi bitti
2025-04-17 21:36:37.258 INFO  TimeZone testi basladi
2025-04-17 21:36:45.705 INFO  TimeZone testi bitti
2025-04-17 21:37:04.073 INFO  TimeZone testi basladi
2025-04-17 21:37:13.209 INFO  TimeZone testi bitti
2025-04-17 21:37:17.971 INFO  TimeZone testi basladi
2025-04-17 21:37:26.292 INFO  TimeZone testi bitti
